time="2025-12-01T06:18:44Z" level=warning msg="/home/ubuntu/crud-mean-app/docker-compose.yml: the attribute `version` is obsolete, it will be ignored, please remove it to avoid potential confusion"
#1 [internal] load local bake definitions
#1 reading from stdin 993B done
#1 DONE 0.0s

#2 [frontend internal] load build definition from Dockerfile
#2 transferring dockerfile: 333B 0.0s done
#2 DONE 0.0s

#3 [backend internal] load build definition from Dockerfile
#3 transferring dockerfile: 306B 0.0s done
#3 DONE 0.0s

#4 [frontend internal] load metadata for docker.io/library/nginx:stable-alpine
#4 DONE 0.0s

#5 [backend internal] load metadata for docker.io/library/node:18-alpine
#5 DONE 1.4s

#6 [frontend internal] load metadata for docker.io/library/node:20-bullseye
#6 ...

#7 [backend internal] load .dockerignore
#7 transferring context: 2B done
#7 DONE 0.0s

#8 [backend internal] load build context
#8 transferring context: 506B done
#8 DONE 0.0s

#9 [backend 1/5] FROM docker.io/library/node:18-alpine@sha256:8d6421d663b4c28fd3ebc498332f249011d118945588d0a35cb9bc4b8ca09d9e
#9 resolve docker.io/library/node:18-alpine@sha256:8d6421d663b4c28fd3ebc498332f249011d118945588d0a35cb9bc4b8ca09d9e 0.0s done
#9 DONE 0.0s

#10 [backend 4/5] RUN npm install --production
#10 CACHED

#11 [backend 2/5] WORKDIR /app
#11 CACHED

#12 [backend 3/5] COPY package*.json ./
#12 CACHED

#13 [backend 5/5] COPY . .
#13 CACHED

#14 [backend] exporting to image
#14 exporting layers done
#14 exporting manifest sha256:20c20303bf56b9eb11c96b328e2eba31ec62cea3bf779e243e9e076da71a1009 done
#14 exporting config sha256:dd507af1e467ba2540bf5dc600c99e399ad2449945efbac47898744d7d589f5f done
#14 exporting attestation manifest sha256:07fca6e74dc71e88ea95799e59053f0a273d06a9ba9e21001c1c688140356f38 0.0s done
#14 exporting manifest list sha256:44533718d29f161a9875907e2ce4d0f45226a4604d649f29f70a381a9e8aaf4b 0.0s done
#14 naming to docker.io/library/crud-mean-app-backend:latest done
#14 unpacking to docker.io/library/crud-mean-app-backend:latest done
#14 DONE 0.1s

#15 [backend] resolving provenance for metadata file
#15 DONE 0.0s

#6 [frontend internal] load metadata for docker.io/library/node:20-bullseye
#6 DONE 2.6s

#16 [frontend internal] load .dockerignore
#16 transferring context: 2B done
#16 DONE 0.0s

#17 [frontend stage-1 1/2] FROM docker.io/library/nginx:stable-alpine@sha256:30f1c0d78e0ad60901648be663a710bdadf19e4c10ac6782c235200619158284
#17 resolve docker.io/library/nginx:stable-alpine@sha256:30f1c0d78e0ad60901648be663a710bdadf19e4c10ac6782c235200619158284 0.0s done
#17 CACHED

#18 [frontend builder 1/6] FROM docker.io/library/node:20-bullseye@sha256:a606b6b3798c29facf66a45796568932c9b4de4888cba7405a0ff3fb47788537
#18 resolve docker.io/library/node:20-bullseye@sha256:a606b6b3798c29facf66a45796568932c9b4de4888cba7405a0ff3fb47788537 0.0s done
#18 ...

#19 [frontend internal] load build context
#19 transferring context: 3.39kB 0.0s done
#19 DONE 0.1s

#18 [frontend builder 1/6] FROM docker.io/library/node:20-bullseye@sha256:a606b6b3798c29facf66a45796568932c9b4de4888cba7405a0ff3fb47788537
#18 DONE 0.3s

#18 [frontend builder 1/6] FROM docker.io/library/node:20-bullseye@sha256:a606b6b3798c29facf66a45796568932c9b4de4888cba7405a0ff3fb47788537
#18 sha256:621f761723e00fc607a6295f67a2d2d7f40c8a7b306887df3fdb057e3633682d 0B / 448B 0.2s
#18 sha256:36a3ee082efcc7187750ef264b59971e49b96c99a2169ba3ccd1ba1bb467b7eb 0B / 1.25MB 0.2s
#18 sha256:216238863a68bcd284b9f75d9334faae0705891a34cc526034a04b0145182699 0B / 48.41MB 0.2s
#18 sha256:adc15c5a947065653941a7627aa7d9a375c204def22a978c6390780887e19bf7 0B / 4.09kB 0.2s
#18 sha256:621f761723e00fc607a6295f67a2d2d7f40c8a7b306887df3fdb057e3633682d 448B / 448B 0.6s done
#18 sha256:36a3ee082efcc7187750ef264b59971e49b96c99a2169ba3ccd1ba1bb467b7eb 1.25MB / 1.25MB 0.6s done
#18 sha256:0da21e19920be3ae928a2305b1c12e689cf00c96a0099d81973e3b18f90828fa 0B / 197.21MB 0.2s
#18 sha256:adc15c5a947065653941a7627aa7d9a375c204def22a978c6390780887e19bf7 4.09kB / 4.09kB 0.8s done
#18 sha256:01293af2d4fcbec34a6cc04059bc54793a02a3f35097767fa8f319055caf4917 0B / 54.76MB 0.2s
#18 sha256:216238863a68bcd284b9f75d9334faae0705891a34cc526034a04b0145182699 10.49MB / 48.41MB 0.9s
#18 sha256:2c5b6134fa8a3ac5c0189f873bc3e294ab88c8b51487dbaf69fa8590338d4f47 0B / 15.76MB 0.2s
#18 sha256:216238863a68bcd284b9f75d9334faae0705891a34cc526034a04b0145182699 19.92MB / 48.41MB 1.1s
#18 sha256:216238863a68bcd284b9f75d9334faae0705891a34cc526034a04b0145182699 28.31MB / 48.41MB 1.2s
#18 sha256:216238863a68bcd284b9f75d9334faae0705891a34cc526034a04b0145182699 32.51MB / 48.41MB 1.4s
#18 sha256:01293af2d4fcbec34a6cc04059bc54793a02a3f35097767fa8f319055caf4917 3.15MB / 54.76MB 0.8s
#18 sha256:216238863a68bcd284b9f75d9334faae0705891a34cc526034a04b0145182699 37.75MB / 48.41MB 1.7s
#18 sha256:0da21e19920be3ae928a2305b1c12e689cf00c96a0099d81973e3b18f90828fa 10.49MB / 197.21MB 1.1s
#18 sha256:01293af2d4fcbec34a6cc04059bc54793a02a3f35097767fa8f319055caf4917 9.44MB / 54.76MB 1.1s
#18 sha256:2c5b6134fa8a3ac5c0189f873bc3e294ab88c8b51487dbaf69fa8590338d4f47 2.10MB / 15.76MB 0.8s
#18 sha256:2c5b6134fa8a3ac5c0189f873bc3e294ab88c8b51487dbaf69fa8590338d4f47 4.57MB / 15.76MB 0.9s
#18 sha256:216238863a68bcd284b9f75d9334faae0705891a34cc526034a04b0145182699 40.89MB / 48.41MB 1.8s
#18 sha256:01293af2d4fcbec34a6cc04059bc54793a02a3f35097767fa8f319055caf4917 12.58MB / 54.76MB 1.2s
#18 sha256:2c5b6134fa8a3ac5c0189f873bc3e294ab88c8b51487dbaf69fa8590338d4f47 7.34MB / 15.76MB 1.1s
#18 sha256:216238863a68bcd284b9f75d9334faae0705891a34cc526034a04b0145182699 46.14MB / 48.41MB 2.1s
#18 sha256:2c5b6134fa8a3ac5c0189f873bc3e294ab88c8b51487dbaf69fa8590338d4f47 9.44MB / 15.76MB 1.2s
#18 sha256:0da21e19920be3ae928a2305b1c12e689cf00c96a0099d81973e3b18f90828fa 23.07MB / 197.21MB 1.7s
#18 sha256:01293af2d4fcbec34a6cc04059bc54793a02a3f35097767fa8f319055caf4917 17.83MB / 54.76MB 1.6s
#18 sha256:2c5b6134fa8a3ac5c0189f873bc3e294ab88c8b51487dbaf69fa8590338d4f47 12.58MB / 15.76MB 1.4s
#18 sha256:216238863a68bcd284b9f75d9334faae0705891a34cc526034a04b0145182699 48.41MB / 48.41MB 2.3s done
#18 sha256:01293af2d4fcbec34a6cc04059bc54793a02a3f35097767fa8f319055caf4917 20.97MB / 54.76MB 1.7s
#18 sha256:2c5b6134fa8a3ac5c0189f873bc3e294ab88c8b51487dbaf69fa8590338d4f47 15.76MB / 15.76MB 1.5s done
#18 sha256:0da21e19920be3ae928a2305b1c12e689cf00c96a0099d81973e3b18f90828fa 34.60MB / 197.21MB 2.0s
#18 sha256:01293af2d4fcbec34a6cc04059bc54793a02a3f35097767fa8f319055caf4917 32.51MB / 54.76MB 2.0s
#18 sha256:f2cfad889ec881e43016a180e520464f2003fb9fea872dfe7f83b4f8318be13e 0B / 53.76MB 0.2s
#18 sha256:01293af2d4fcbec34a6cc04059bc54793a02a3f35097767fa8f319055caf4917 37.75MB / 54.76MB 2.1s
#18 sha256:0da21e19920be3ae928a2305b1c12e689cf00c96a0099d81973e3b18f90828fa 47.19MB / 197.21MB 2.3s
#18 sha256:01293af2d4fcbec34a6cc04059bc54793a02a3f35097767fa8f319055caf4917 44.04MB / 54.76MB 2.3s
#18 sha256:01293af2d4fcbec34a6cc04059bc54793a02a3f35097767fa8f319055caf4917 48.23MB / 54.76MB 2.4s
#18 sha256:f2cfad889ec881e43016a180e520464f2003fb9fea872dfe7f83b4f8318be13e 4.19MB / 53.76MB 0.8s
#18 sha256:01293af2d4fcbec34a6cc04059bc54793a02a3f35097767fa8f319055caf4917 51.38MB / 54.76MB 2.6s
#18 sha256:0da21e19920be3ae928a2305b1c12e689cf00c96a0099d81973e3b18f90828fa 57.67MB / 197.21MB 2.9s
#18 sha256:01293af2d4fcbec34a6cc04059bc54793a02a3f35097767fa8f319055caf4917 54.76MB / 54.76MB 2.9s done
#18 sha256:f2cfad889ec881e43016a180e520464f2003fb9fea872dfe7f83b4f8318be13e 11.53MB / 53.76MB 1.2s
#18 sha256:f2cfad889ec881e43016a180e520464f2003fb9fea872dfe7f83b4f8318be13e 17.83MB / 53.76MB 1.4s
#18 sha256:0da21e19920be3ae928a2305b1c12e689cf00c96a0099d81973e3b18f90828fa 69.21MB / 197.21MB 3.2s
#18 sha256:f2cfad889ec881e43016a180e520464f2003fb9fea872dfe7f83b4f8318be13e 24.12MB / 53.76MB 1.5s
#18 sha256:f2cfad889ec881e43016a180e520464f2003fb9fea872dfe7f83b4f8318be13e 29.36MB / 53.76MB 1.7s
#18 sha256:0da21e19920be3ae928a2305b1c12e689cf00c96a0099d81973e3b18f90828fa 81.79MB / 197.21MB 3.5s
#18 sha256:f2cfad889ec881e43016a180e520464f2003fb9fea872dfe7f83b4f8318be13e 36.70MB / 53.76MB 1.8s
#18 sha256:f2cfad889ec881e43016a180e520464f2003fb9fea872dfe7f83b4f8318be13e 42.99MB / 53.76MB 2.0s
#18 sha256:0da21e19920be3ae928a2305b1c12e689cf00c96a0099d81973e3b18f90828fa 93.32MB / 197.21MB 3.8s
#18 sha256:f2cfad889ec881e43016a180e520464f2003fb9fea872dfe7f83b4f8318be13e 48.23MB / 53.76MB 2.1s
#18 sha256:f2cfad889ec881e43016a180e520464f2003fb9fea872dfe7f83b4f8318be13e 53.76MB / 53.76MB 2.3s
#18 sha256:0da21e19920be3ae928a2305b1c12e689cf00c96a0099d81973e3b18f90828fa 114.29MB / 197.21MB 4.2s
#18 sha256:f2cfad889ec881e43016a180e520464f2003fb9fea872dfe7f83b4f8318be13e 53.76MB / 53.76MB 2.3s done
#18 extracting sha256:f2cfad889ec881e43016a180e520464f2003fb9fea872dfe7f83b4f8318be13e
#18 sha256:0da21e19920be3ae928a2305b1c12e689cf00c96a0099d81973e3b18f90828fa 128.97MB / 197.21MB 4.5s
#18 sha256:0da21e19920be3ae928a2305b1c12e689cf00c96a0099d81973e3b18f90828fa 141.56MB / 197.21MB 4.8s
#18 sha256:0da21e19920be3ae928a2305b1c12e689cf00c96a0099d81973e3b18f90828fa 155.19MB / 197.21MB 5.1s
#18 sha256:0da21e19920be3ae928a2305b1c12e689cf00c96a0099d81973e3b18f90828fa 173.02MB / 197.21MB 5.4s
#18 sha256:0da21e19920be3ae928a2305b1c12e689cf00c96a0099d81973e3b18f90828fa 189.79MB / 197.21MB 5.7s
#18 sha256:0da21e19920be3ae928a2305b1c12e689cf00c96a0099d81973e3b18f90828fa 197.21MB / 197.21MB 5.9s done
#18 extracting sha256:f2cfad889ec881e43016a180e520464f2003fb9fea872dfe7f83b4f8318be13e 3.3s done
#18 DONE 8.3s

#18 [frontend builder 1/6] FROM docker.io/library/node:20-bullseye@sha256:a606b6b3798c29facf66a45796568932c9b4de4888cba7405a0ff3fb47788537
#18 extracting sha256:2c5b6134fa8a3ac5c0189f873bc3e294ab88c8b51487dbaf69fa8590338d4f47
#18 extracting sha256:2c5b6134fa8a3ac5c0189f873bc3e294ab88c8b51487dbaf69fa8590338d4f47 0.6s done
#18 DONE 8.8s

#18 [frontend builder 1/6] FROM docker.io/library/node:20-bullseye@sha256:a606b6b3798c29facf66a45796568932c9b4de4888cba7405a0ff3fb47788537
#18 extracting sha256:01293af2d4fcbec34a6cc04059bc54793a02a3f35097767fa8f319055caf4917
#18 extracting sha256:01293af2d4fcbec34a6cc04059bc54793a02a3f35097767fa8f319055caf4917 2.6s done
#18 DONE 11.5s

#18 [frontend builder 1/6] FROM docker.io/library/node:20-bullseye@sha256:a606b6b3798c29facf66a45796568932c9b4de4888cba7405a0ff3fb47788537
#18 extracting sha256:0da21e19920be3ae928a2305b1c12e689cf00c96a0099d81973e3b18f90828fa
#18 extracting sha256:0da21e19920be3ae928a2305b1c12e689cf00c96a0099d81973e3b18f90828fa 7.8s done
#18 DONE 19.3s

#18 [frontend builder 1/6] FROM docker.io/library/node:20-bullseye@sha256:a606b6b3798c29facf66a45796568932c9b4de4888cba7405a0ff3fb47788537
#18 extracting sha256:adc15c5a947065653941a7627aa7d9a375c204def22a978c6390780887e19bf7 0.0s done
#18 extracting sha256:216238863a68bcd284b9f75d9334faae0705891a34cc526034a04b0145182699
#18 extracting sha256:216238863a68bcd284b9f75d9334faae0705891a34cc526034a04b0145182699 2.6s done
#18 DONE 21.9s

#18 [frontend builder 1/6] FROM docker.io/library/node:20-bullseye@sha256:a606b6b3798c29facf66a45796568932c9b4de4888cba7405a0ff3fb47788537
#18 extracting sha256:36a3ee082efcc7187750ef264b59971e49b96c99a2169ba3ccd1ba1bb467b7eb 0.1s done
#18 DONE 22.0s

#18 [frontend builder 1/6] FROM docker.io/library/node:20-bullseye@sha256:a606b6b3798c29facf66a45796568932c9b4de4888cba7405a0ff3fb47788537
#18 extracting sha256:621f761723e00fc607a6295f67a2d2d7f40c8a7b306887df3fdb057e3633682d 0.0s done
#18 DONE 22.0s

#20 [frontend builder 2/6] WORKDIR /app
#20 DONE 0.1s

#21 [frontend builder 3/6] COPY package*.json ./
#21 DONE 0.1s

#22 [frontend builder 4/6] RUN npm ci
#22 2.067 npm warn old lockfile
#22 2.067 npm warn old lockfile The package-lock.json file was created with an old version of npm,
#22 2.067 npm warn old lockfile so supplemental metadata must be fetched from the registry.
#22 2.067 npm warn old lockfile
#22 2.067 npm warn old lockfile This is a one-time fix-up, please be patient...
#22 2.067 npm warn old lockfile
#22 52.31 npm warn deprecated sourcemap-codec@1.4.8: Please use @jridgewell/sourcemap-codec instead
#22 52.71 npm warn deprecated rimraf@3.0.2: Rimraf versions prior to v4 are no longer supported
#22 52.83 npm warn deprecated read-package-json@6.0.0: This package is no longer supported. Please use @npmcli/package-json instead.
#22 53.13 npm warn deprecated ua-parser-js@0.7.32: You are using an outdated version of ua-parser-js. Please update to ua-parser-js v0.7.33 / v1.0.33 / v2.0.0 (or later) to avoid ReDoS vulnerability [CVE-2022-25927](https://github.com/advisories/GHSA-fhg7-m89q-25r3)
#22 53.51 npm warn deprecated npmlog@6.0.2: This package is no longer supported.
#22 54.96 npm warn deprecated inflight@1.0.6: This module is not supported, and leaks memory. Do not use it. Check out lru-cache if you want a good and tested way to coalesce async requests by a key value, which is much more comprehensive and powerful.
#22 55.23 npm warn deprecated glob@8.0.3: Glob versions prior to v9 are no longer supported
#22 56.37 npm warn deprecated gauge@4.0.4: This package is no longer supported.
#22 56.74 npm warn deprecated are-we-there-yet@3.0.1: This package is no longer supported.
#22 56.77 npm warn deprecated acorn-import-assertions@1.8.0: package has been renamed to acorn-import-attributes
#22 56.79 npm warn deprecated abab@2.0.6: Use your platform's native atob() and btoa() methods instead
#22 58.46 npm warn deprecated @npmcli/move-file@2.0.1: This functionality has been moved to @npmcli/fs
#22 59.31 npm warn deprecated @babel/plugin-proposal-private-property-in-object@7.20.5: This proposal has been merged to the ECMAScript standard and thus this plugin is no longer maintained. Please use @babel/plugin-transform-private-property-in-object instead.
#22 59.31 npm warn deprecated @babel/plugin-proposal-private-methods@7.18.6: This proposal has been merged to the ECMAScript standard and thus this plugin is no longer maintained. Please use @babel/plugin-transform-private-methods instead.
#22 59.31 npm warn deprecated @babel/plugin-proposal-unicode-property-regex@7.18.6: This proposal has been merged to the ECMAScript standard and thus this plugin is no longer maintained. Please use @babel/plugin-transform-unicode-property-regex instead.
#22 59.32 npm warn deprecated @babel/plugin-proposal-numeric-separator@7.18.6: This proposal has been merged to the ECMAScript standard and thus this plugin is no longer maintained. Please use @babel/plugin-transform-numeric-separator instead.
#22 59.34 npm warn deprecated @babel/plugin-proposal-optional-catch-binding@7.18.6: This proposal has been merged to the ECMAScript standard and thus this plugin is no longer maintained. Please use @babel/plugin-transform-optional-catch-binding instead.
#22 59.34 npm warn deprecated @babel/plugin-proposal-optional-chaining@7.18.9: This proposal has been merged to the ECMAScript standard and thus this plugin is no longer maintained. Please use @babel/plugin-transform-optional-chaining instead.
#22 59.34 npm warn deprecated @babel/plugin-proposal-dynamic-import@7.18.6: This proposal has been merged to the ECMAScript standard and thus this plugin is no longer maintained. Please use @babel/plugin-transform-dynamic-import instead.
#22 59.34 npm warn deprecated @babel/plugin-proposal-class-properties@7.18.6: This proposal has been merged to the ECMAScript standard and thus this plugin is no longer maintained. Please use @babel/plugin-transform-class-properties instead.
#22 59.34 npm warn deprecated @babel/plugin-proposal-class-static-block@7.18.6: This proposal has been merged to the ECMAScript standard and thus this plugin is no longer maintained. Please use @babel/plugin-transform-class-static-block instead.
#22 59.34 npm warn deprecated @babel/plugin-proposal-logical-assignment-operators@7.18.9: This proposal has been merged to the ECMAScript standard and thus this plugin is no longer maintained. Please use @babel/plugin-transform-logical-assignment-operators instead.
#22 59.34 npm warn deprecated @babel/plugin-proposal-nullish-coalescing-operator@7.18.6: This proposal has been merged to the ECMAScript standard and thus this plugin is no longer maintained. Please use @babel/plugin-transform-nullish-coalescing-operator instead.
#22 59.34 npm warn deprecated @babel/plugin-proposal-export-namespace-from@7.18.9: This proposal has been merged to the ECMAScript standard and thus this plugin is no longer maintained. Please use @babel/plugin-transform-export-namespace-from instead.
#22 59.34 npm warn deprecated @babel/plugin-proposal-json-strings@7.18.6: This proposal has been merged to the ECMAScript standard and thus this plugin is no longer maintained. Please use @babel/plugin-transform-json-strings instead.
#22 59.92 npm warn deprecated @babel/plugin-proposal-object-rest-spread@7.20.2: This proposal has been merged to the ECMAScript standard and thus this plugin is no longer maintained. Please use @babel/plugin-transform-object-rest-spread instead.
#22 59.94 npm warn deprecated @babel/plugin-proposal-async-generator-functions@7.20.1: This proposal has been merged to the ECMAScript standard and thus this plugin is no longer maintained. Please use @babel/plugin-transform-async-generator-functions instead.
#22 61.05 npm warn deprecated glob@7.2.3: Glob versions prior to v9 are no longer supported
#22 61.46 npm warn deprecated glob@7.2.3: Glob versions prior to v9 are no longer supported
#22 62.11 npm warn deprecated glob@7.2.3: Glob versions prior to v9 are no longer supported
#22 62.21 npm warn deprecated glob@7.2.3: Glob versions prior to v9 are no longer supported
#22 65.01 npm warn deprecated bootstrap@4.6.2: This version of Bootstrap is no longer supported. Please upgrade to the latest version.
#22 77.02 
#22 77.02 added 867 packages, and audited 868 packages in 1m
#22 77.02 
#22 77.02 85 packages are looking for funding
#22 77.02   run `npm fund` for details
#22 77.19 
#22 77.19 48 vulnerabilities (9 low, 14 moderate, 22 high, 3 critical)
#22 77.19 
#22 77.19 To address issues that do not require attention, run:
#22 77.19   npm audit fix
#22 77.19 
#22 77.19 To address all issues (including breaking changes), run:
#22 77.19   npm audit fix --force
#22 77.19 
#22 77.19 Run `npm audit` for details.
#22 77.19 npm notice
#22 77.19 npm notice New major version of npm available! 10.8.2 -> 11.6.4
#22 77.19 npm notice Changelog: https://github.com/npm/cli/releases/tag/v11.6.4
#22 77.19 npm notice To update run: npm install -g npm@11.6.4
#22 77.19 npm notice
#22 DONE 77.5s

#23 [frontend builder 5/6] COPY . .
#23 DONE 1.8s

#24 [frontend builder 6/6] RUN npx -y @angular/cli@latest build --configuration production
#24 38.45 - Generating browser application bundles (phase: setup)...
